<testsuites id="" name="" tests="16" failures="5" skipped="7" errors="0" time="22.244833">
<testsuite name="test-e2e-playwright.spec.js" timestamp="2026-07-13T17:24:21.009Z" hostname="chromium" tests="16" failures="5" skipped="7" time="15.104" errors="0">
<testcase name="💼 Flujo de Capacitación › Completar sesión de capacitación (simulado)" classname="test-e2e-playwright.spec.js" time="0.015">
<system-out>
<![CDATA[
📚 Iniciando flujo de capacitación...
✓ Session ID: session_1783963462978_8aewau0g3
✓ Usuario: Pablo Solar
✓ Módulo: Fundamentos
✓ Puntuación quiz: 100%
]]>
</system-out>
</testcase>
<testcase name="💼 Flujo de Capacitación › Simular API call a Tracker" classname="test-e2e-playwright.spec.js" time="0.64">
<system-out>
<![CDATA[
📡 Simulando POST a Tracker API...
✓ Payload preparado para Tracker:
  - sessionId: session_1783963462978_8aewau0g3
  - user: Pablo Solar
  - quizScore: 100
  - Status: completado
]]>
</system-out>
</testcase>
<testcase name="📧 Verificación de Emails › Email llegó a todos los destinatarios" classname="test-e2e-playwright.spec.js" time="5.154">
<system-out>
<![CDATA[
📬 Verificando entrega de emails...
Destinatarios esperados: mesainteligentedemo@gmail.com, chrisoria16@gmail.com, eldudemateos@gmail.com

📊 Resultados de entrega:
✗ mesainteligentedemo@gmail.com: NO ENTREGADO
✗ chrisoria16@gmail.com: NO ENTREGADO
✗ eldudemateos@gmail.com: NO ENTREGADO

[[ATTACHMENT|test-results\test-e2e-playwright-📧-Ver-478ec-ó-a-todos-los-destinatarios-chromium\error-context.md]]
]]>
</system-out>
<system-err>
<![CDATA[Error fetching emails from Mailhog: 
Error fetching emails from Mailhog: 
Error fetching emails from Mailhog: 
Error fetching emails from Mailhog: 
Error fetching emails from Mailhog: 
Error fetching emails from Mailhog: 
Error fetching emails from Mailhog: 
Error fetching emails from Mailhog: 
Error fetching emails from Mailhog: 
Error fetching emails from Mailhog: 
⚠️  Algunos emails no fueron entregados
]]>
</system-err>
<failure message="expect(received).toBe(expected) // Object.is equality" type="expect.toBe">
<![CDATA[  [chromium] › test-e2e-playwright.spec.js:125:3 › 📧 Verificación de Emails › Email llegó a todos los destinatarios 

    Error: expect(received).toBe(expected) // Object.is equality

    Expected: true
    Received: false

      154 |     }
      155 |
    > 156 |     expect(allDelivered).toBe(true);
          |                          ^
      157 |   });
      158 |
      159 |   test('Email tiene contenido correcto', async () => {
        at C:\Users\inbou\victor-ia-training\tests\test-e2e-playwright.spec.js:156:26

    Error Context: ..\test-results\test-e2e-playwright-📧-Ver-478ec-ó-a-todos-los-destinatarios-chromium\error-context.md
]]>
</failure>
</testcase>
<testcase name="📧 Verificación de Emails › Email tiene contenido correcto" classname="test-e2e-playwright.spec.js" time="0.049">
<system-out>
<![CDATA[
📄 Verificando contenido del email...

[[ATTACHMENT|test-results\test-e2e-playwright-📧-Ver-e452f-il-tiene-contenido-correcto-chromium\error-context.md]]
]]>
</system-out>
<system-err>
<![CDATA[Error fetching emails from Mailhog: 
❌ No se encontró email para verificar
]]>
</system-err>
<failure message="expect(received).toBeTruthy()" type="expect.toBeTruthy">
<![CDATA[  [chromium] › test-e2e-playwright.spec.js:159:3 › 📧 Verificación de Emails › Email tiene contenido correcto 

    Error: expect(received).toBeTruthy()

    Received: null

      170 |     if (!latestEmail) {
      171 |       console.error('❌ No se encontró email para verificar');
    > 172 |       expect(latestEmail).toBeTruthy();
          |                           ^
      173 |       return;
      174 |     }
      175 |
        at C:\Users\inbou\victor-ia-training\tests\test-e2e-playwright.spec.js:172:27

    Error Context: ..\test-results\test-e2e-playwright-📧-Ver-e452f-il-tiene-contenido-correcto-chromium\error-context.md
]]>
</failure>
</testcase>
<testcase name="📧 Verificación de Emails › Email tiene PDF adjunto" classname="test-e2e-playwright.spec.js" time="0.034">
<system-out>
<![CDATA[
📎 Verificando adjunto PDF...

[[ATTACHMENT|test-results\test-e2e-playwright-📧-Ver-8f365-ils-Email-tiene-PDF-adjunto-chromium\error-context.md]]
]]>
</system-out>
<system-err>
<![CDATA[Error fetching emails from Mailhog: 
❌ Email no encontrado
]]>
</system-err>
<failure message="expect(received).toBeTruthy()" type="expect.toBeTruthy">
<![CDATA[  [chromium] › test-e2e-playwright.spec.js:218:3 › 📧 Verificación de Emails › Email tiene PDF adjunto 

    Error: expect(received).toBeTruthy()

    Received: null

      228 |     if (!latestEmail) {
      229 |       console.error('❌ Email no encontrado');
    > 230 |       expect(latestEmail).toBeTruthy();
          |                           ^
      231 |       return;
      232 |     }
      233 |
        at C:\Users\inbou\victor-ia-training\tests\test-e2e-playwright.spec.js:230:27

    Error Context: ..\test-results\test-e2e-playwright-📧-Ver-8f365-ils-Email-tiene-PDF-adjunto-chromium\error-context.md
]]>
</failure>
</testcase>
<testcase name="📧 Verificación de Emails › Email enviado dentro del timeout esperado" classname="test-e2e-playwright.spec.js" time="0.031">
<system-out>
<![CDATA[
⏱️  Verificando timing de envío...
✓ Emails capturados: 0
✓ Total: 0

[[ATTACHMENT|test-results\test-e2e-playwright-📧-Ver-cd35c-dentro-del-timeout-esperado-chromium\error-context.md]]
]]>
</system-out>
<system-err>
<![CDATA[Error getting email stats: 
]]>
</system-err>
<failure message="expect(received).toBeGreaterThan(expected)" type="expect.toBeGreaterThan">
<![CDATA[  [chromium] › test-e2e-playwright.spec.js:245:3 › 📧 Verificación de Emails › Email enviado dentro del timeout esperado 

    Error: expect(received).toBeGreaterThan(expected)

    Expected: > 0
    Received:   0

      255 |     console.log(`✓ Total: ${stats.total}`);
      256 |
    > 257 |     expect(stats.count).toBeGreaterThan(0);
          |                         ^
      258 |   });
      259 | });
      260 |
        at C:\Users\inbou\victor-ia-training\tests\test-e2e-playwright.spec.js:257:25

    Error Context: ..\test-results\test-e2e-playwright-📧-Ver-cd35c-dentro-del-timeout-esperado-chromium\error-context.md
]]>
</failure>
</testcase>
<testcase name="📊 Verificación de Tracker (Supabase) › Datos insertados en tabla tracker_results" classname="test-e2e-playwright.spec.js" time="9.162">
<system-out>
<![CDATA[
🔍 Buscando datos en Tracker...
✓ Supabase client initialized
  (Es normal si no hay conexión real a BD)
]]>
</system-out>
<system-err>
<![CDATA[Error fetching user sessions: TypeError: fetch failed
⚠️  No se encontró registro en Supabase
]]>
</system-err>
</testcase>
<testcase name="📊 Verificación de Tracker (Supabase) › Campos requeridos presentes" classname="test-e2e-playwright.spec.js">
<properties>
<property name="skip" value="">
</property>
</properties>
<skipped>
</skipped>
</testcase>
<testcase name="📊 Verificación de Tracker (Supabase) › Valores de campos son correctos" classname="test-e2e-playwright.spec.js">
<properties>
<property name="skip" value="">
</property>
</properties>
<skipped>
</skipped>
</testcase>
<testcase name="📊 Verificación de Tracker (Supabase) › Timestamp está reciente" classname="test-e2e-playwright.spec.js">
<properties>
<property name="skip" value="">
</property>
</properties>
<skipped>
</skipped>
</testcase>
<testcase name="📊 Verificación de Tracker (Supabase) › 150+ campos capturados correctamente" classname="test-e2e-playwright.spec.js">
<properties>
<property name="skip" value="">
</property>
</properties>
<skipped>
</skipped>
</testcase>
<testcase name="🔗 Verificación de Webhooks › Webhook recibido en tiempo esperado" classname="test-e2e-playwright.spec.js">
<properties>
<property name="skip" value="">
</property>
</properties>
<skipped>
</skipped>
</testcase>
<testcase name="🔗 Verificación de Webhooks › Datos del webhook son correctos" classname="test-e2e-playwright.spec.js">
<properties>
<property name="skip" value="">
</property>
</properties>
<skipped>
</skipped>
</testcase>
<testcase name="🔗 Verificación de Webhooks › Método HTTP es POST" classname="test-e2e-playwright.spec.js">
<properties>
<property name="skip" value="">
</property>
</properties>
<skipped>
</skipped>
</testcase>
<testcase name="📋 Resumen y Reporte › Generar reporte de verificaciones" classname="test-e2e-playwright.spec.js" time="0.002">
<system-out>
<![CDATA[
========================================
📋 RESUMEN DE VERIFICACIONES
========================================

{
  "timestamp": "2026-07-13T17:24:41.675Z",
  "sessionId": null,
  "testUser": "Pablo Solar",
  "module": "Fundamentos",
  "checklist": {
    "✓ Flujo de capacitación completado": true,
    "✓ Emails entregados": true,
    "✓ Email con contenido correcto": true,
    "✓ Email con PDF adjunto": true,
    "✓ Datos en Tracker": false,
    "✓ Campos requeridos presentes": false,
    "✓ Valores correctos en Tracker": false,
    "✓ Timestamp reciente": false,
    "✓ Webhook recibido": false
  },
  "details": {
    "email_recipients": [
      "mesainteligentedemo@gmail.com",
      "chrisoria16@gmail.com",
      "eldudemateos@gmail.com"
    ],
    "quiz_score": 100,
    "module_id": "modulo_f",
    "tracker_url": "https://tracker.victor-ia.xyz",
    "session_created": "2026-07-13T17:24:41.676Z"
  }
}

✅ Reporte completado
📊 Ver detalles: playwright-report/index.html
📄 Resultados JSON: test-results.json
]]>
</system-out>
</testcase>
<testcase name="📋 Resumen y Reporte › Verificar que no hay errores críticos" classname="test-e2e-playwright.spec.js" time="0.009">
<system-out>
<![CDATA[
🔐 Verificaciones críticas:
  ✗ Session ID generado

[[ATTACHMENT|test-results\test-e2e-playwright-📋-Res-5b23d-que-no-hay-errores-críticos-chromium\error-context.md]]
]]>
</system-out>
<failure message="expect(received).toBe(expected) // Object.is equality" type="expect.toBe">
<![CDATA[  [chromium] › test-e2e-playwright.spec.js:566:3 › 📋 Resumen y Reporte › Verificar que no hay errores críticos 

    Error: expect(received).toBe(expected) // Object.is equality

    Expected: true
    Received: false

      576 |       const status = passed ? '✓' : '✗';
      577 |       console.log(`  ${status} ${check}`);
    > 578 |       expect(passed).toBe(true);
          |                      ^
      579 |     }
      580 |   });
      581 | });
        at C:\Users\inbou\victor-ia-training\tests\test-e2e-playwright.spec.js:578:22

    Error Context: ..\test-results\test-e2e-playwright-📋-Res-5b23d-que-no-hay-errores-críticos-chromium\error-context.md
]]>
</failure>
</testcase>
</testsuite>
</testsuites>